Calling `DidYouMean::SPELL_CHECKERS.merge!(error_name => spell_checker)' has been deprecated. Please call `DidYouMean.correct_error(error_name, spell_checker)' instead.
Configuration file: /Users/limgiho/Desktop/Source/resume/limgiho.github.io/_config.yml
            Source: /Users/limgiho/Desktop/Source/resume/limgiho.github.io
       Destination: /Users/limgiho/Desktop/Source/resume/limgiho.github.io/_site
 Incremental build: disabled. Enable with --incremental
      Generating... 
[31m  Liquid Exception: Liquid syntax error (/Users/limgiho/Desktop/Source/resume/limgiho.github.io/_includes/head.html line 7): Unknown tag 'seo' included in /_layouts/default.html[0m
jekyll 3.9.0 | Error:  Liquid syntax error (/Users/limgiho/Desktop/Source/resume/limgiho.github.io/_includes/head.html line 7): Unknown tag 'seo' included 
/Users/limgiho/Desktop/Source/resume/limgiho.github.io/vendor/bundle/ruby/3.1.0/gems/liquid-4.0.3/lib/liquid/document.rb:23:in `unknown_tag': Liquid syntax error (/Users/limgiho/Desktop/Source/resume/limgiho.github.io/_includes/head.html line 7): Unknown tag 'seo' included  (Liquid::SyntaxError)
	from /Users/limgiho/Desktop/Source/resume/limgiho.github.io/vendor/bundle/ruby/3.1.0/gems/liquid-4.0.3/lib/liquid/document.rb:11:in `block in parse'
	from /Users/limgiho/Desktop/Source/resume/limgiho.github.io/vendor/bundle/ruby/3.1.0/gems/liquid-4.0.3/lib/liquid/block_body.rb:32:in `parse'
	from /Users/limgiho/Desktop/Source/resume/limgiho.github.io/vendor/bundle/ruby/3.1.0/gems/liquid-4.0.3/lib/liquid/document.rb:10:in `parse'
	from /Users/limgiho/Desktop/Source/resume/limgiho.github.io/vendor/bundle/ruby/3.1.0/gems/liquid-4.0.3/lib/liquid/document.rb:5:in `parse'
	from /Users/limgiho/Desktop/Source/resume/limgiho.github.io/vendor/bundle/ruby/3.1.0/gems/liquid-4.0.3/lib/liquid/template.rb:132:in `parse'
	from /Users/limgiho/Desktop/Source/resume/limgiho.github.io/vendor/bundle/ruby/3.1.0/gems/liquid-4.0.3/lib/liquid/template.rb:116:in `parse'
	from /Users/limgiho/Desktop/Source/resume/limgiho.github.io/vendor/bundle/ruby/3.1.0/gems/jekyll-3.9.0/lib/jekyll/liquid_renderer/file.rb:13:in `block in parse'
	from /Users/limgiho/Desktop/Source/resume/limgiho.github.io/vendor/bundle/ruby/3.1.0/gems/jekyll-3.9.0/lib/jekyll/liquid_renderer/file.rb:49:in `measure_time'
	from /Users/limgiho/Desktop/Source/resume/limgiho.github.io/vendor/bundle/ruby/3.1.0/gems/jekyll-3.9.0/lib/jekyll/liquid_renderer/file.rb:12:in `parse'
	from /Users/limgiho/Desktop/Source/resume/limgiho.github.io/vendor/bundle/ruby/3.1.0/gems/jekyll-3.9.0/lib/jekyll/tags/include.rb:169:in `load_cached_partial'
	from /Users/limgiho/Desktop/Source/resume/limgiho.github.io/vendor/bundle/ruby/3.1.0/gems/jekyll-3.9.0/lib/jekyll/tags/include.rb:135:in `render'
	from /Users/limgiho/Desktop/Source/resume/limgiho.github.io/vendor/bundle/ruby/3.1.0/gems/liquid-4.0.3/lib/liquid/block_body.rb:103:in `render_node_to_output'
	from /Users/limgiho/Desktop/Source/resume/limgiho.github.io/vendor/bundle/ruby/3.1.0/gems/liquid-4.0.3/lib/liquid/block_body.rb:91:in `render'
	from /Users/limgiho/Desktop/Source/resume/limgiho.github.io/vendor/bundle/ruby/3.1.0/gems/liquid-4.0.3/lib/liquid/template.rb:208:in `block in render'
	from /Users/limgiho/Desktop/Source/resume/limgiho.github.io/vendor/bundle/ruby/3.1.0/gems/liquid-4.0.3/lib/liquid/template.rb:242:in `with_profiling'
	from /Users/limgiho/Desktop/Source/resume/limgiho.github.io/vendor/bundle/ruby/3.1.0/gems/liquid-4.0.3/lib/liquid/template.rb:207:in `render'
	from /Users/limgiho/Desktop/Source/resume/limgiho.github.io/vendor/bundle/ruby/3.1.0/gems/liquid-4.0.3/lib/liquid/template.rb:220:in `render!'
	from /Users/limgiho/Desktop/Source/resume/limgiho.github.io/vendor/bundle/ruby/3.1.0/gems/jekyll-3.9.0/lib/jekyll/liquid_renderer/file.rb:30:in `block (2 levels) in render!'
	from /Users/limgiho/Desktop/Source/resume/limgiho.github.io/vendor/bundle/ruby/3.1.0/gems/jekyll-3.9.0/lib/jekyll/liquid_renderer/file.rb:42:in `measure_bytes'
	from /Users/limgiho/Desktop/Source/resume/limgiho.github.io/vendor/bundle/ruby/3.1.0/gems/jekyll-3.9.0/lib/jekyll/liquid_renderer/file.rb:29:in `block in render!'
	from /Users/limgiho/Desktop/Source/resume/limgiho.github.io/vendor/bundle/ruby/3.1.0/gems/jekyll-3.9.0/lib/jekyll/liquid_renderer/file.rb:49:in `measure_time'
	from /Users/limgiho/Desktop/Source/resume/limgiho.github.io/vendor/bundle/ruby/3.1.0/gems/jekyll-3.9.0/lib/jekyll/liquid_renderer/file.rb:28:in `render!'
	from /Users/limgiho/Desktop/Source/resume/limgiho.github.io/vendor/bundle/ruby/3.1.0/gems/jekyll-3.9.0/lib/jekyll/renderer.rb:126:in `render_liquid'
	from /Users/limgiho/Desktop/Source/resume/limgiho.github.io/vendor/bundle/ruby/3.1.0/gems/jekyll-3.9.0/lib/jekyll/renderer.rb:195:in `render_layout'
	from /Users/limgiho/Desktop/Source/resume/limgiho.github.io/vendor/bundle/ruby/3.1.0/gems/jekyll-3.9.0/lib/jekyll/renderer.rb:158:in `place_in_layouts'
	from /Users/limgiho/Desktop/Source/resume/limgiho.github.io/vendor/bundle/ruby/3.1.0/gems/jekyll-3.9.0/lib/jekyll/renderer.rb:88:in `render_document'
	from /Users/limgiho/Desktop/Source/resume/limgiho.github.io/vendor/bundle/ruby/3.1.0/gems/jekyll-3.9.0/lib/jekyll/renderer.rb:62:in `run'
	from /Users/limgiho/Desktop/Source/resume/limgiho.github.io/vendor/bundle/ruby/3.1.0/gems/jekyll-3.9.0/lib/jekyll/site.rb:479:in `render_regenerated'
	from /Users/limgiho/Desktop/Source/resume/limgiho.github.io/vendor/bundle/ruby/3.1.0/gems/jekyll-3.9.0/lib/jekyll/site.rb:472:in `block in render_pages'
	from /Users/limgiho/Desktop/Source/resume/limgiho.github.io/vendor/bundle/ruby/3.1.0/gems/jekyll-3.9.0/lib/jekyll/site.rb:471:in `each'
	from /Users/limgiho/Desktop/Source/resume/limgiho.github.io/vendor/bundle/ruby/3.1.0/gems/jekyll-3.9.0/lib/jekyll/site.rb:471:in `render_pages'
	from /Users/limgiho/Desktop/Source/resume/limgiho.github.io/vendor/bundle/ruby/3.1.0/gems/jekyll-3.9.0/lib/jekyll/site.rb:192:in `render'
	from /Users/limgiho/Desktop/Source/resume/limgiho.github.io/vendor/bundle/ruby/3.1.0/gems/jekyll-3.9.0/lib/jekyll/site.rb:71:in `process'
	from /Users/limgiho/Desktop/Source/resume/limgiho.github.io/vendor/bundle/ruby/3.1.0/gems/jekyll-3.9.0/lib/jekyll/command.rb:28:in `process_site'
	from /Users/limgiho/Desktop/Source/resume/limgiho.github.io/vendor/bundle/ruby/3.1.0/gems/jekyll-3.9.0/lib/jekyll/commands/build.rb:65:in `build'
	from /Users/limgiho/Desktop/Source/resume/limgiho.github.io/vendor/bundle/ruby/3.1.0/gems/jekyll-3.9.0/lib/jekyll/commands/build.rb:36:in `process'
	from /Users/limgiho/Desktop/Source/resume/limgiho.github.io/vendor/bundle/ruby/3.1.0/gems/jekyll-3.9.0/lib/jekyll/commands/serve.rb:93:in `block in start'
	from /Users/limgiho/Desktop/Source/resume/limgiho.github.io/vendor/bundle/ruby/3.1.0/gems/jekyll-3.9.0/lib/jekyll/commands/serve.rb:93:in `each'
	from /Users/limgiho/Desktop/Source/resume/limgiho.github.io/vendor/bundle/ruby/3.1.0/gems/jekyll-3.9.0/lib/jekyll/commands/serve.rb:93:in `start'
	from /Users/limgiho/Desktop/Source/resume/limgiho.github.io/vendor/bundle/ruby/3.1.0/gems/jekyll-3.9.0/lib/jekyll/commands/serve.rb:75:in `block (2 levels) in init_with_program'
	from /Users/limgiho/Desktop/Source/resume/limgiho.github.io/vendor/bundle/ruby/3.1.0/gems/mercenary-0.3.6/lib/mercenary/command.rb:220:in `block in execute'
	from /Users/limgiho/Desktop/Source/resume/limgiho.github.io/vendor/bundle/ruby/3.1.0/gems/mercenary-0.3.6/lib/mercenary/command.rb:220:in `each'
	from /Users/limgiho/Desktop/Source/resume/limgiho.github.io/vendor/bundle/ruby/3.1.0/gems/mercenary-0.3.6/lib/mercenary/command.rb:220:in `execute'
	from /Users/limgiho/Desktop/Source/resume/limgiho.github.io/vendor/bundle/ruby/3.1.0/gems/mercenary-0.3.6/lib/mercenary/program.rb:42:in `go'
	from /Users/limgiho/Desktop/Source/resume/limgiho.github.io/vendor/bundle/ruby/3.1.0/gems/mercenary-0.3.6/lib/mercenary.rb:19:in `program'
	from /Users/limgiho/Desktop/Source/resume/limgiho.github.io/vendor/bundle/ruby/3.1.0/gems/jekyll-3.9.0/exe/jekyll:15:in `<top (required)>'
	from /Users/limgiho/Desktop/Source/resume/limgiho.github.io/vendor/bundle/ruby/3.1.0/bin/jekyll:25:in `load'
	from /Users/limgiho/Desktop/Source/resume/limgiho.github.io/vendor/bundle/ruby/3.1.0/bin/jekyll:25:in `<top (required)>'
	from /Users/limgiho/.rbenv/versions/3.1.6/lib/ruby/gems/3.1.0/gems/bundler-2.1.4/lib/bundler/cli/exec.rb:63:in `load'
	from /Users/limgiho/.rbenv/versions/3.1.6/lib/ruby/gems/3.1.0/gems/bundler-2.1.4/lib/bundler/cli/exec.rb:63:in `kernel_load'
	from /Users/limgiho/.rbenv/versions/3.1.6/lib/ruby/gems/3.1.0/gems/bundler-2.1.4/lib/bundler/cli/exec.rb:28:in `run'
	from /Users/limgiho/.rbenv/versions/3.1.6/lib/ruby/gems/3.1.0/gems/bundler-2.1.4/lib/bundler/cli.rb:476:in `exec'
	from /Users/limgiho/.rbenv/versions/3.1.6/lib/ruby/gems/3.1.0/gems/bundler-2.1.4/lib/bundler/vendor/thor/lib/thor/command.rb:27:in `run'
	from /Users/limgiho/.rbenv/versions/3.1.6/lib/ruby/gems/3.1.0/gems/bundler-2.1.4/lib/bundler/vendor/thor/lib/thor/invocation.rb:127:in `invoke_command'
	from /Users/limgiho/.rbenv/versions/3.1.6/lib/ruby/gems/3.1.0/gems/bundler-2.1.4/lib/bundler/vendor/thor/lib/thor.rb:399:in `dispatch'
	from /Users/limgiho/.rbenv/versions/3.1.6/lib/ruby/gems/3.1.0/gems/bundler-2.1.4/lib/bundler/cli.rb:30:in `dispatch'
	from /Users/limgiho/.rbenv/versions/3.1.6/lib/ruby/gems/3.1.0/gems/bundler-2.1.4/lib/bundler/vendor/thor/lib/thor/base.rb:476:in `start'
	from /Users/limgiho/.rbenv/versions/3.1.6/lib/ruby/gems/3.1.0/gems/bundler-2.1.4/lib/bundler/cli.rb:24:in `start'
	from /Users/limgiho/.rbenv/versions/3.1.6/lib/ruby/gems/3.1.0/gems/bundler-2.1.4/exe/bundle:46:in `block in <top (required)>'
	from /Users/limgiho/.rbenv/versions/3.1.6/lib/ruby/gems/3.1.0/gems/bundler-2.1.4/lib/bundler/friendly_errors.rb:123:in `with_friendly_errors'
	from /Users/limgiho/.rbenv/versions/3.1.6/lib/ruby/gems/3.1.0/gems/bundler-2.1.4/exe/bundle:34:in `<top (required)>'
	from /Users/limgiho/.rbenv/versions/3.1.6/bin/bundle:25:in `load'
	from /Users/limgiho/.rbenv/versions/3.1.6/bin/bundle:25:in `<main>'
